-----Downloading authors...
Downloaded https://openalex.s3.amazonaws.com/data/authors/updated_date=2022-05-27/part_000.gz in 1 seconds
Made /data/openalex//authors/authors_data_0.json
Downloaded https://openalex.s3.amazonaws.com/data/authors/updated_date=2022-05-28/part_000.gz in 1 seconds
Made /data/openalex//authors/authors_data_1.json
Downloaded https://openalex.s3.amazonaws.com/data/authors/updated_date=2022-06-25/part_000.gz in 1 seconds
Made /data/openalex//authors/authors_data_2.json
Downloaded https://openalex.s3.amazonaws.com/data/authors/updated_date=2022-07-19/part_000.gz in 1 seconds
Made /data/openalex//authors/authors_data_3.json
Downloaded https://openalex.s3.amazonaws.com/data/authors/updated_date=2022-07-23/part_000.gz in 1 seconds
Made /data/openalex//authors/authors_data_4.json
Downloaded https://openalex.s3.amazonaws.com/data/authors/updated_date=2022-08-15/part_000.gz in 1 seconds
Made /data/openalex//authors/authors_data_5.json
Downloaded https://openalex.s3.amazonaws.com/data/authors/updated_date=2022-08-16/part_000.gz in 1 seconds
Made /data/openalex//authors/authors_data_6.json
Downloaded https://openalex.s3.amazonaws.com/data/authors/updated_date=2022-08-17/part_000.gz in 1 seconds
Made /data/openalex//authors/authors_data_7.json
Downloaded https://openalex.s3.amazonaws.com/data/authors/updated_date=2022-08-18/part_000.gz in 15 seconds
Made /data/openalex//authors/authors_data_8.json
Downloaded https://openalex.s3.amazonaws.com/data/authors/updated_date=2022-08-19/part_000.gz in 110 seconds
Made /data/openalex//authors/authors_data_9.json
Downloaded https://openalex.s3.amazonaws.com/data/authors/updated_date=2022-08-19/part_001.gz in 70 seconds
Made /data/openalex//authors/authors_data_10.json
Downloaded https://openalex.s3.amazonaws.com/data/authors/updated_date=2022-08-20/part_000.gz in 134 seconds
Made /data/openalex//authors/authors_data_11.json
Downloaded https://openalex.s3.amazonaws.com/data/authors/updated_date=2022-08-20/part_001.gz in 111 seconds
Made /data/openalex//authors/authors_data_12.json
Downloaded https://openalex.s3.amazonaws.com/data/authors/updated_date=2022-08-20/part_002.gz in 46 seconds
Made /data/openalex//authors/authors_data_13.json
Downloaded https://openalex.s3.amazonaws.com/data/authors/updated_date=2022-08-21/part_000.gz in 111 seconds
Made /data/openalex//authors/authors_data_14.json
Downloaded https://openalex.s3.amazonaws.com/data/authors/updated_date=2022-08-21/part_001.gz in 68 seconds
Made /data/openalex//authors/authors_data_15.json
Downloaded https://openalex.s3.amazonaws.com/data/authors/updated_date=2022-08-22/part_000.gz in 110 seconds
Made /data/openalex//authors/authors_data_16.json
Downloaded https://openalex.s3.amazonaws.com/data/authors/updated_date=2022-08-22/part_001.gz in 117 seconds
Made /data/openalex//authors/authors_data_17.json
Downloaded https://openalex.s3.amazonaws.com/data/authors/updated_date=2022-08-22/part_002.gz in 75 seconds
Made /data/openalex//authors/authors_data_18.json
Downloaded https://openalex.s3.amazonaws.com/data/authors/updated_date=2022-08-23/part_000.gz in 124 seconds
Made /data/openalex//authors/authors_data_19.json
Downloaded https://openalex.s3.amazonaws.com/data/authors/updated_date=2022-08-23/part_001.gz in 93 seconds
Made /data/openalex//authors/authors_data_20.json
Downloaded https://openalex.s3.amazonaws.com/data/authors/updated_date=2022-08-24/part_000.gz in 128 seconds
Made /data/openalex//authors/authors_data_21.json
Downloaded https://openalex.s3.amazonaws.com/data/authors/updated_date=2022-08-24/part_001.gz in 1 seconds
Made /data/openalex//authors/authors_data_22.json
Downloaded https://openalex.s3.amazonaws.com/data/authors/updated_date=2022-08-25/part_000.gz in 1 seconds
Made /data/openalex//authors/authors_data_23.json
Downloaded https://openalex.s3.amazonaws.com/data/authors/updated_date=2022-08-25/part_001.gz in 1 seconds
Made /data/openalex//authors/authors_data_24.json
Downloaded https://openalex.s3.amazonaws.com/data/authors/updated_date=2022-08-26/part_000.gz in 1 seconds
Made /data/openalex//authors/authors_data_25.json
Downloaded https://openalex.s3.amazonaws.com/data/authors/updated_date=2022-08-26/part_001.gz in 1 seconds
Made /data/openalex//authors/authors_data_26.json
Downloaded https://openalex.s3.amazonaws.com/data/authors/updated_date=2022-08-27/part_000.gz in 1 seconds
Made /data/openalex//authors/authors_data_27.json
Downloaded https://openalex.s3.amazonaws.com/data/authors/updated_date=2022-08-27/part_001.gz in 1 seconds
Made /data/openalex//authors/authors_data_28.json
Downloaded https://openalex.s3.amazonaws.com/data/authors/updated_date=2022-08-27/part_002.gz in 1 seconds
Made /data/openalex//authors/authors_data_29.json
Downloaded https://openalex.s3.amazonaws.com/data/authors/updated_date=2022-08-27/part_003.gz in 0 seconds
Made /data/openalex//authors/authors_data_30.json
Downloaded https://openalex.s3.amazonaws.com/data/authors/updated_date=2022-08-27/part_004.gz in 1 seconds
Made /data/openalex//authors/authors_data_31.json
Downloaded https://openalex.s3.amazonaws.com/data/authors/updated_date=2022-08-28/part_000.gz in 1 seconds
Made /data/openalex//authors/authors_data_32.json
Downloaded https://openalex.s3.amazonaws.com/data/authors/updated_date=2022-08-28/part_001.gz in 1 seconds
Made /data/openalex//authors/authors_data_33.json
Downloaded https://openalex.s3.amazonaws.com/data/authors/updated_date=2022-08-28/part_002.gz in 1 seconds
Made /data/openalex//authors/authors_data_34.json
Downloaded https://openalex.s3.amazonaws.com/data/authors/updated_date=2022-08-28/part_003.gz in 1 seconds
Made /data/openalex//authors/authors_data_35.json
Downloaded https://openalex.s3.amazonaws.com/data/authors/updated_date=2022-08-29/part_000.gz in 1 seconds
Made /data/openalex//authors/authors_data_36.json
Downloaded https://openalex.s3.amazonaws.com/data/authors/updated_date=2022-08-29/part_001.gz in 1 seconds
Made /data/openalex//authors/authors_data_37.json
Downloaded https://openalex.s3.amazonaws.com/data/authors/updated_date=2022-08-29/part_002.gz in 1 seconds
Made /data/openalex//authors/authors_data_38.json
Downloaded https://openalex.s3.amazonaws.com/data/authors/updated_date=2022-08-30/part_000.gz in 1 seconds
Made /data/openalex//authors/authors_data_39.json
Downloaded https://openalex.s3.amazonaws.com/data/authors/updated_date=2022-08-30/part_001.gz in 1 seconds
Made /data/openalex//authors/authors_data_40.json
Downloaded https://openalex.s3.amazonaws.com/data/authors/updated_date=2022-08-31/part_000.gz in 1 seconds
Made /data/openalex//authors/authors_data_41.json
Downloaded https://openalex.s3.amazonaws.com/data/authors/updated_date=2022-08-31/part_001.gz in 1 seconds
Made /data/openalex//authors/authors_data_42.json
Downloaded https://openalex.s3.amazonaws.com/data/authors/updated_date=2022-08-31/part_002.gz in 1 seconds
Made /data/openalex//authors/authors_data_43.json
Downloaded https://openalex.s3.amazonaws.com/data/authors/updated_date=2022-08-31/part_003.gz in 0 seconds
Made /data/openalex//authors/authors_data_44.json
Downloaded https://openalex.s3.amazonaws.com/data/authors/updated_date=2022-08-31/part_004.gz in 1 seconds
Made /data/openalex//authors/authors_data_45.json
Downloaded https://openalex.s3.amazonaws.com/data/authors/updated_date=2022-08-31/part_005.gz in 1 seconds
Made /data/openalex//authors/authors_data_46.json
Downloaded https://openalex.s3.amazonaws.com/data/authors/updated_date=2022-09-01/part_000.gz in 1 seconds
Made /data/openalex//authors/authors_data_47.json
Downloaded https://openalex.s3.amazonaws.com/data/authors/updated_date=2022-09-01/part_001.gz in 1 seconds
Made /data/openalex//authors/authors_data_48.json
Downloaded https://openalex.s3.amazonaws.com/data/authors/updated_date=2022-09-01/part_002.gz in 1 seconds
Made /data/openalex//authors/authors_data_49.json
Downloaded https://openalex.s3.amazonaws.com/data/authors/updated_date=2022-09-01/part_003.gz in 1 seconds
Made /data/openalex//authors/authors_data_50.json
Downloaded https://openalex.s3.amazonaws.com/data/authors/updated_date=2022-09-02/part_000.gz in 1 seconds
Made /data/openalex//authors/authors_data_51.json
Downloaded https://openalex.s3.amazonaws.com/data/authors/updated_date=2022-09-02/part_001.gz in 1 seconds
Made /data/openalex//authors/authors_data_52.json
Downloaded https://openalex.s3.amazonaws.com/data/authors/updated_date=2022-09-02/part_002.gz in 1 seconds
Made /data/openalex//authors/authors_data_53.json
Downloaded https://openalex.s3.amazonaws.com/data/authors/updated_date=2022-09-03/part_000.gz in 1 seconds
Made /data/openalex//authors/authors_data_54.json
Downloaded https://openalex.s3.amazonaws.com/data/authors/updated_date=2022-09-03/part_001.gz in 1 seconds
Made /data/openalex//authors/authors_data_55.json
Downloaded https://openalex.s3.amazonaws.com/data/authors/updated_date=2022-09-04/part_000.gz in 1 seconds
Made /data/openalex//authors/authors_data_56.json
Downloaded https://openalex.s3.amazonaws.com/data/authors/updated_date=2022-09-04/part_001.gz in 1 seconds
Made /data/openalex//authors/authors_data_57.json
Downloaded https://openalex.s3.amazonaws.com/data/authors/updated_date=2022-09-05/part_000.gz in 0 seconds
Made /data/openalex//authors/authors_data_58.json
Downloaded https://openalex.s3.amazonaws.com/data/authors/updated_date=2022-09-05/part_001.gz in 1 seconds
Made /data/openalex//authors/authors_data_59.json
Downloaded https://openalex.s3.amazonaws.com/data/authors/updated_date=2022-09-06/part_000.gz in 1 seconds
Made /data/openalex//authors/authors_data_60.json
Downloaded https://openalex.s3.amazonaws.com/data/authors/updated_date=2022-09-06/part_001.gz in 1 seconds
Made /data/openalex//authors/authors_data_61.json
Downloaded https://openalex.s3.amazonaws.com/data/authors/updated_date=2022-09-07/part_000.gz in 1 seconds
Made /data/openalex//authors/authors_data_62.json
Downloaded https://openalex.s3.amazonaws.com/data/authors/updated_date=2022-09-07/part_001.gz in 1 seconds
Made /data/openalex//authors/authors_data_63.json
Downloaded https://openalex.s3.amazonaws.com/data/authors/updated_date=2022-09-08/part_000.gz in 1 seconds
Made /data/openalex//authors/authors_data_64.json
Downloaded https://openalex.s3.amazonaws.com/data/authors/updated_date=2022-09-08/part_001.gz in 1 seconds
Made /data/openalex//authors/authors_data_65.json
Downloaded https://openalex.s3.amazonaws.com/data/authors/updated_date=2022-09-09/part_000.gz in 1 seconds
Made /data/openalex//authors/authors_data_66.json
Downloaded https://openalex.s3.amazonaws.com/data/authors/updated_date=2022-09-10/part_000.gz in 1 seconds
Made /data/openalex//authors/authors_data_67.json
Downloaded https://openalex.s3.amazonaws.com/data/authors/updated_date=2022-09-10/part_001.gz in 1 seconds
Made /data/openalex//authors/authors_data_68.json
Downloaded https://openalex.s3.amazonaws.com/data/authors/updated_date=2022-09-11/part_000.gz in 1 seconds
Made /data/openalex//authors/authors_data_69.json
Downloaded https://openalex.s3.amazonaws.com/data/authors/updated_date=2022-09-11/part_001.gz in 1 seconds
Made /data/openalex//authors/authors_data_70.json
Downloaded https://openalex.s3.amazonaws.com/data/authors/updated_date=2022-09-12/part_000.gz in 1 seconds
Made /data/openalex//authors/authors_data_71.json
Downloaded https://openalex.s3.amazonaws.com/data/authors/updated_date=2022-09-12/part_001.gz in 1 seconds
Made /data/openalex//authors/authors_data_72.json
Downloaded https://openalex.s3.amazonaws.com/data/authors/updated_date=2022-09-13/part_000.gz in 1 seconds
Made /data/openalex//authors/authors_data_73.json
Downloaded https://openalex.s3.amazonaws.com/data/authors/updated_date=2022-09-13/part_001.gz in 1 seconds
Made /data/openalex//authors/authors_data_74.json
Downloaded https://openalex.s3.amazonaws.com/data/authors/updated_date=2022-09-14/part_000.gz in 1 seconds
Made /data/openalex//authors/authors_data_75.json
Downloaded https://openalex.s3.amazonaws.com/data/authors/updated_date=2022-09-14/part_001.gz in 1 seconds
Made /data/openalex//authors/authors_data_76.json
Downloaded https://openalex.s3.amazonaws.com/data/authors/updated_date=2022-09-14/part_002.gz in 0 seconds
Made /data/openalex//authors/authors_data_77.json
Downloaded https://openalex.s3.amazonaws.com/data/authors/updated_date=2022-09-14/part_003.gz in 1 seconds
Made /data/openalex//authors/authors_data_78.json
Downloaded https://openalex.s3.amazonaws.com/data/authors/updated_date=2022-09-15/part_000.gz in 1 seconds
Made /data/openalex//authors/authors_data_79.json
Downloaded https://openalex.s3.amazonaws.com/data/authors/updated_date=2022-09-15/part_001.gz in 1 seconds
Made /data/openalex//authors/authors_data_80.json
Downloaded https://openalex.s3.amazonaws.com/data/authors/updated_date=2022-09-15/part_002.gz in 1 seconds
Made /data/openalex//authors/authors_data_81.json
Downloaded https://openalex.s3.amazonaws.com/data/authors/updated_date=2022-09-15/part_003.gz in 1 seconds
Made /data/openalex//authors/authors_data_82.json
Downloaded https://openalex.s3.amazonaws.com/data/authors/updated_date=2022-09-15/part_004.gz in 1 seconds
Made /data/openalex//authors/authors_data_83.json
Downloaded https://openalex.s3.amazonaws.com/data/authors/updated_date=2022-09-15/part_005.gz in 1 seconds
Made /data/openalex//authors/authors_data_84.json
Downloaded https://openalex.s3.amazonaws.com/data/authors/updated_date=2022-09-15/part_006.gz in 1 seconds
Made /data/openalex//authors/authors_data_85.json
Downloaded https://openalex.s3.amazonaws.com/data/authors/updated_date=2022-09-16/part_000.gz in 1 seconds
Made /data/openalex//authors/authors_data_86.json
Downloaded https://openalex.s3.amazonaws.com/data/authors/updated_date=2022-09-16/part_001.gz in 1 seconds
Made /data/openalex//authors/authors_data_87.json
Downloaded https://openalex.s3.amazonaws.com/data/authors/updated_date=2022-09-16/part_002.gz in 1 seconds
Made /data/openalex//authors/authors_data_88.json
Downloaded https://openalex.s3.amazonaws.com/data/authors/updated_date=2022-09-16/part_003.gz in 1 seconds
Made /data/openalex//authors/authors_data_89.json
Downloaded https://openalex.s3.amazonaws.com/data/authors/updated_date=2022-09-16/part_004.gz in 1 seconds
Made /data/openalex//authors/authors_data_90.json
Downloaded https://openalex.s3.amazonaws.com/data/authors/updated_date=2022-09-16/part_005.gz in 1 seconds
Made /data/openalex//authors/authors_data_91.json
Downloaded https://openalex.s3.amazonaws.com/data/authors/updated_date=2022-09-16/part_006.gz in 0 seconds
Made /data/openalex//authors/authors_data_92.json
Downloaded https://openalex.s3.amazonaws.com/data/authors/updated_date=2022-09-17/part_000.gz in 1 seconds
Made /data/openalex//authors/authors_data_93.json
Downloaded https://openalex.s3.amazonaws.com/data/authors/updated_date=2022-09-17/part_001.gz in 1 seconds
Made /data/openalex//authors/authors_data_94.json
Downloaded https://openalex.s3.amazonaws.com/data/authors/updated_date=2022-09-17/part_002.gz in 1 seconds
Made /data/openalex//authors/authors_data_95.json
Downloaded https://openalex.s3.amazonaws.com/data/authors/updated_date=2022-09-17/part_003.gz in 1 seconds
Made /data/openalex//authors/authors_data_96.json
Downloaded https://openalex.s3.amazonaws.com/data/authors/updated_date=2022-09-18/part_000.gz in 1 seconds
Made /data/openalex//authors/authors_data_97.json
Downloaded https://openalex.s3.amazonaws.com/data/authors/updated_date=2022-09-18/part_001.gz in 1 seconds
Made /data/openalex//authors/authors_data_98.json
Downloaded https://openalex.s3.amazonaws.com/data/authors/updated_date=2022-09-19/part_000.gz in 1 seconds
Made /data/openalex//authors/authors_data_99.json
Downloaded https://openalex.s3.amazonaws.com/data/authors/updated_date=2022-09-19/part_001.gz in 1 seconds
Made /data/openalex//authors/authors_data_100.json
Downloaded https://openalex.s3.amazonaws.com/data/authors/updated_date=2022-09-20/part_000.gz in 1 seconds
Made /data/openalex//authors/authors_data_101.json
Downloaded https://openalex.s3.amazonaws.com/data/authors/updated_date=2022-09-20/part_001.gz in 1 seconds
Made /data/openalex//authors/authors_data_102.json
Downloaded https://openalex.s3.amazonaws.com/data/authors/updated_date=2022-09-20/part_002.gz in 1 seconds
Made /data/openalex//authors/authors_data_103.json
Downloaded https://openalex.s3.amazonaws.com/data/authors/updated_date=2022-09-21/part_000.gz in 1 seconds
Made /data/openalex//authors/authors_data_104.json
Downloaded https://openalex.s3.amazonaws.com/data/authors/updated_date=2022-09-21/part_001.gz in 1 seconds
Made /data/openalex//authors/authors_data_105.json
Downloaded https://openalex.s3.amazonaws.com/data/authors/updated_date=2022-09-22/part_000.gz in 1 seconds
Made /data/openalex//authors/authors_data_106.json
Downloaded https://openalex.s3.amazonaws.com/data/authors/updated_date=2022-09-22/part_001.gz in 1 seconds
Made /data/openalex//authors/authors_data_107.json
Downloaded https://openalex.s3.amazonaws.com/data/authors/updated_date=2022-09-22/part_002.gz in 1 seconds
Made /data/openalex//authors/authors_data_108.json
Downloaded https://openalex.s3.amazonaws.com/data/authors/updated_date=2022-09-23/part_000.gz in 1 seconds
Made /data/openalex//authors/authors_data_109.json
Downloaded https://openalex.s3.amazonaws.com/data/authors/updated_date=2022-09-23/part_001.gz in 1 seconds
Made /data/openalex//authors/authors_data_110.json
Downloaded https://openalex.s3.amazonaws.com/data/authors/updated_date=2022-09-23/part_002.gz in 1 seconds
Made /data/openalex//authors/authors_data_111.json
Downloaded https://openalex.s3.amazonaws.com/data/authors/updated_date=2022-09-24/part_000.gz in 0 seconds
Made /data/openalex//authors/authors_data_112.json
Downloaded https://openalex.s3.amazonaws.com/data/authors/updated_date=2022-09-24/part_001.gz in 1 seconds
Made /data/openalex//authors/authors_data_113.json
Downloaded https://openalex.s3.amazonaws.com/data/authors/updated_date=2022-09-24/part_002.gz in 1 seconds
Made /data/openalex//authors/authors_data_114.json
Downloaded https://openalex.s3.amazonaws.com/data/authors/updated_date=2022-09-25/part_000.gz in 1 seconds
Made /data/openalex//authors/authors_data_115.json
Downloaded https://openalex.s3.amazonaws.com/data/authors/updated_date=2022-09-25/part_001.gz in 1 seconds
Made /data/openalex//authors/authors_data_116.json
Downloaded https://openalex.s3.amazonaws.com/data/authors/updated_date=2022-09-25/part_002.gz in 1 seconds
Made /data/openalex//authors/authors_data_117.json
Downloaded https://openalex.s3.amazonaws.com/data/authors/updated_date=2022-09-26/part_000.gz in 1 seconds
Made /data/openalex//authors/authors_data_118.json
Downloaded https://openalex.s3.amazonaws.com/data/authors/updated_date=2022-09-26/part_001.gz in 1 seconds
Made /data/openalex//authors/authors_data_119.json
Downloaded https://openalex.s3.amazonaws.com/data/authors/updated_date=2022-09-26/part_002.gz in 1 seconds
Made /data/openalex//authors/authors_data_120.json
Downloaded https://openalex.s3.amazonaws.com/data/authors/updated_date=2022-09-27/part_000.gz in 1 seconds
Made /data/openalex//authors/authors_data_121.json
Downloaded https://openalex.s3.amazonaws.com/data/authors/updated_date=2022-09-27/part_001.gz in 1 seconds
Made /data/openalex//authors/authors_data_122.json
Downloaded https://openalex.s3.amazonaws.com/data/authors/updated_date=2022-09-27/part_002.gz in 1 seconds
Made /data/openalex//authors/authors_data_123.json
Downloaded https://openalex.s3.amazonaws.com/data/authors/updated_date=2022-09-28/part_000.gz in 1 seconds
Made /data/openalex//authors/authors_data_124.json
Downloaded https://openalex.s3.amazonaws.com/data/authors/updated_date=2022-09-28/part_001.gz in 1 seconds
Made /data/openalex//authors/authors_data_125.json
Downloaded https://openalex.s3.amazonaws.com/data/authors/updated_date=2022-09-28/part_002.gz in 1 seconds
Made /data/openalex//authors/authors_data_126.json
Downloaded https://openalex.s3.amazonaws.com/data/authors/updated_date=2022-09-28/part_003.gz in 1 seconds
Made /data/openalex//authors/authors_data_127.json
Downloaded https://openalex.s3.amazonaws.com/data/authors/updated_date=2022-09-28/part_004.gz in 1 seconds
Made /data/openalex//authors/authors_data_128.json
Downloaded https://openalex.s3.amazonaws.com/data/authors/updated_date=2022-09-29/part_000.gz in 0 seconds
Made /data/openalex//authors/authors_data_129.json
Downloaded https://openalex.s3.amazonaws.com/data/authors/updated_date=2022-09-29/part_001.gz in 1 seconds
Made /data/openalex//authors/authors_data_130.json
Downloaded https://openalex.s3.amazonaws.com/data/authors/updated_date=2022-09-29/part_002.gz in 1 seconds
Made /data/openalex//authors/authors_data_131.json
Downloaded https://openalex.s3.amazonaws.com/data/authors/updated_date=2022-09-29/part_003.gz in 1 seconds
Made /data/openalex//authors/authors_data_132.json
Downloaded https://openalex.s3.amazonaws.com/data/authors/updated_date=2022-09-29/part_004.gz in 1 seconds
Made /data/openalex//authors/authors_data_133.json
Downloaded https://openalex.s3.amazonaws.com/data/authors/updated_date=2022-09-29/part_005.gz in 1 seconds
Made /data/openalex//authors/authors_data_134.json
Downloaded https://openalex.s3.amazonaws.com/data/authors/updated_date=2022-09-29/part_006.gz in 1 seconds
Made /data/openalex//authors/authors_data_135.json
Downloaded https://openalex.s3.amazonaws.com/data/authors/updated_date=2022-09-30/part_000.gz in 1 seconds
Made /data/openalex//authors/authors_data_136.json
Downloaded https://openalex.s3.amazonaws.com/data/authors/updated_date=2022-09-30/part_001.gz in 1 seconds
Made /data/openalex//authors/authors_data_137.json
Downloaded https://openalex.s3.amazonaws.com/data/authors/updated_date=2022-09-30/part_002.gz in 1 seconds
Made /data/openalex//authors/authors_data_138.json
Downloaded https://openalex.s3.amazonaws.com/data/authors/updated_date=2022-09-30/part_003.gz in 1 seconds
Made /data/openalex//authors/authors_data_139.json
Downloaded https://openalex.s3.amazonaws.com/data/authors/updated_date=2022-09-30/part_004.gz in 1 seconds
Made /data/openalex//authors/authors_data_140.json
Downloaded https://openalex.s3.amazonaws.com/data/authors/updated_date=2022-09-30/part_005.gz in 1 seconds
Made /data/openalex//authors/authors_data_141.json
Downloaded https://openalex.s3.amazonaws.com/data/authors/updated_date=2022-09-30/part_006.gz in 1 seconds
Made /data/openalex//authors/authors_data_142.json
Downloaded https://openalex.s3.amazonaws.com/data/authors/updated_date=2022-10-01/part_000.gz in 1 seconds
Made /data/openalex//authors/authors_data_143.json
Downloaded https://openalex.s3.amazonaws.com/data/authors/updated_date=2022-10-01/part_001.gz in 1 seconds
Made /data/openalex//authors/authors_data_144.json
Downloaded https://openalex.s3.amazonaws.com/data/authors/updated_date=2022-10-01/part_002.gz in 0 seconds
Made /data/openalex//authors/authors_data_145.json
Downloaded https://openalex.s3.amazonaws.com/data/authors/updated_date=2022-10-01/part_003.gz in 1 seconds
Made /data/openalex//authors/authors_data_146.json
Downloaded https://openalex.s3.amazonaws.com/data/authors/updated_date=2022-10-01/part_004.gz in 1 seconds
Made /data/openalex//authors/authors_data_147.json
-----Downloading concepts...
Downloaded https://openalex.s3.amazonaws.com/data/concepts/updated_date=2022-07-05/part_000.gz in 1 seconds
Made /data/openalex//concepts/concepts_data_0.json
Downloaded https://openalex.s3.amazonaws.com/data/concepts/updated_date=2022-08-23/part_000.gz in 1 seconds
Made /data/openalex//concepts/concepts_data_1.json
Downloaded https://openalex.s3.amazonaws.com/data/concepts/updated_date=2022-09-03/part_000.gz in 1 seconds
Made /data/openalex//concepts/concepts_data_2.json
Downloaded https://openalex.s3.amazonaws.com/data/concepts/updated_date=2022-09-22/part_000.gz in 1 seconds
Made /data/openalex//concepts/concepts_data_3.json
Downloaded https://openalex.s3.amazonaws.com/data/concepts/updated_date=2022-10-01/part_000.gz in 1 seconds
Made /data/openalex//concepts/concepts_data_4.json
-----Downloading works...
Downloaded https://openalex.s3.amazonaws.com/data/works/updated_date=2022-02-13/part_000.gz in 1 seconds
Made /data/openalex//works/works_data_0.json
Downloaded https://openalex.s3.amazonaws.com/data/works/updated_date=2022-02-17/part_000.gz in 1 seconds
Made /data/openalex//works/works_data_1.json
Downloaded https://openalex.s3.amazonaws.com/data/works/updated_date=2022-02-22/part_000.gz in 1 seconds
Made /data/openalex//works/works_data_2.json
Downloaded https://openalex.s3.amazonaws.com/data/works/updated_date=2022-03-01/part_000.gz in 1 seconds
Made /data/openalex//works/works_data_3.json
Downloaded https://openalex.s3.amazonaws.com/data/works/updated_date=2022-03-02/part_000.gz in 1 seconds
Made /data/openalex//works/works_data_4.json
Downloaded https://openalex.s3.amazonaws.com/data/works/updated_date=2022-04-28/part_000.gz in 1 seconds
Made /data/openalex//works/works_data_5.json
Downloaded https://openalex.s3.amazonaws.com/data/works/updated_date=2022-04-29/part_000.gz in 1 seconds
Made /data/openalex//works/works_data_6.json
Downloaded https://openalex.s3.amazonaws.com/data/works/updated_date=2022-05-05/part_000.gz in 0 seconds
Made /data/openalex//works/works_data_7.json
Downloaded https://openalex.s3.amazonaws.com/data/works/updated_date=2022-05-28/part_000.gz in 1 seconds
Made /data/openalex//works/works_data_8.json
Downloaded https://openalex.s3.amazonaws.com/data/works/updated_date=2022-06-10/part_000.gz in 1 seconds
Made /data/openalex//works/works_data_9.json
Downloaded https://openalex.s3.amazonaws.com/data/works/updated_date=2022-06-11/part_000.gz in 1 seconds
Made /data/openalex//works/works_data_10.json
Downloaded https://openalex.s3.amazonaws.com/data/works/updated_date=2022-06-12/part_000.gz in 1 seconds
Made /data/openalex//works/works_data_11.json
Downloaded https://openalex.s3.amazonaws.com/data/works/updated_date=2022-06-14/part_000.gz in 1 seconds
Made /data/openalex//works/works_data_12.json
Downloaded https://openalex.s3.amazonaws.com/data/works/updated_date=2022-06-15/part_000.gz in 1 seconds
Made /data/openalex//works/works_data_13.json
Downloaded https://openalex.s3.amazonaws.com/data/works/updated_date=2022-06-16/part_000.gz in 1 seconds
Made /data/openalex//works/works_data_14.json
Downloaded https://openalex.s3.amazonaws.com/data/works/updated_date=2022-06-17/part_000.gz in 1 seconds
Made /data/openalex//works/works_data_15.json
Downloaded https://openalex.s3.amazonaws.com/data/works/updated_date=2022-06-18/part_000.gz in 1 seconds
Made /data/openalex//works/works_data_16.json
Downloaded https://openalex.s3.amazonaws.com/data/works/updated_date=2022-06-19/part_000.gz in 1 seconds
Made /data/openalex//works/works_data_17.json
Downloaded https://openalex.s3.amazonaws.com/data/works/updated_date=2022-06-20/part_000.gz in 128 seconds
Made /data/openalex//works/works_data_18.json
Downloaded https://openalex.s3.amazonaws.com/data/works/updated_date=2022-06-23/part_000.gz in 1 seconds
Made /data/openalex//works/works_data_19.json
Downloaded https://openalex.s3.amazonaws.com/data/works/updated_date=2022-06-24/part_000.gz in 1 seconds
Made /data/openalex//works/works_data_20.json
Downloaded https://openalex.s3.amazonaws.com/data/works/updated_date=2022-06-25/part_000.gz in 1 seconds
Made /data/openalex//works/works_data_21.json
Downloaded https://openalex.s3.amazonaws.com/data/works/updated_date=2022-06-26/part_000.gz in 128 seconds
Made /data/openalex//works/works_data_22.json
Downloaded https://openalex.s3.amazonaws.com/data/works/updated_date=2022-06-27/part_000.gz in 1 seconds
Made /data/openalex//works/works_data_23.json
Downloaded https://openalex.s3.amazonaws.com/data/works/updated_date=2022-06-28/part_000.gz in 1 seconds
Made /data/openalex//works/works_data_24.json
Downloaded https://openalex.s3.amazonaws.com/data/works/updated_date=2022-06-29/part_000.gz in 1 seconds
Made /data/openalex//works/works_data_25.json
Downloaded https://openalex.s3.amazonaws.com/data/works/updated_date=2022-06-30/part_000.gz in 1 seconds
Made /data/openalex//works/works_data_26.json
Downloaded https://openalex.s3.amazonaws.com/data/works/updated_date=2022-07-01/part_000.gz in 1 seconds
Made /data/openalex//works/works_data_27.json
Downloaded https://openalex.s3.amazonaws.com/data/works/updated_date=2022-07-02/part_000.gz in 1 seconds
Made /data/openalex//works/works_data_28.json
Downloaded https://openalex.s3.amazonaws.com/data/works/updated_date=2022-07-07/part_000.gz in 1 seconds
Made /data/openalex//works/works_data_29.json
Downloaded https://openalex.s3.amazonaws.com/data/works/updated_date=2022-07-08/part_000.gz in 1 seconds
Made /data/openalex//works/works_data_30.json
Downloaded https://openalex.s3.amazonaws.com/data/works/updated_date=2022-07-09/part_000.gz in 1 seconds
Made /data/openalex//works/works_data_31.json
Downloaded https://openalex.s3.amazonaws.com/data/works/updated_date=2022-07-11/part_000.gz in 1 seconds
Made /data/openalex//works/works_data_32.json
Downloaded https://openalex.s3.amazonaws.com/data/works/updated_date=2022-07-12/part_000.gz in 1 seconds
Made /data/openalex//works/works_data_33.json
Downloaded https://openalex.s3.amazonaws.com/data/works/updated_date=2022-07-13/part_000.gz in 1 seconds
Made /data/openalex//works/works_data_34.json
Downloaded https://openalex.s3.amazonaws.com/data/works/updated_date=2022-07-14/part_000.gz in 1 seconds
Made /data/openalex//works/works_data_35.json
Downloaded https://openalex.s3.amazonaws.com/data/works/updated_date=2022-07-15/part_000.gz in 1 seconds
Made /data/openalex//works/works_data_36.json
Downloaded https://openalex.s3.amazonaws.com/data/works/updated_date=2022-07-16/part_000.gz in 1 seconds
Made /data/openalex//works/works_data_37.json
Downloaded https://openalex.s3.amazonaws.com/data/works/updated_date=2022-07-17/part_000.gz in 1 seconds
Made /data/openalex//works/works_data_38.json
Downloaded https://openalex.s3.amazonaws.com/data/works/updated_date=2022-07-18/part_000.gz in 1 seconds
Made /data/openalex//works/works_data_39.json
Downloaded https://openalex.s3.amazonaws.com/data/works/updated_date=2022-07-19/part_000.gz in 1 seconds
Made /data/openalex//works/works_data_40.json
Downloaded https://openalex.s3.amazonaws.com/data/works/updated_date=2022-07-20/part_000.gz in 1 seconds
Made /data/openalex//works/works_data_41.json
Downloaded https://openalex.s3.amazonaws.com/data/works/updated_date=2022-07-21/part_000.gz in 1 seconds
Made /data/openalex//works/works_data_42.json
Downloaded https://openalex.s3.amazonaws.com/data/works/updated_date=2022-07-22/part_000.gz in 0 seconds
Made /data/openalex//works/works_data_43.json
Downloaded https://openalex.s3.amazonaws.com/data/works/updated_date=2022-07-23/part_000.gz in 1 seconds
Made /data/openalex//works/works_data_44.json
Downloaded https://openalex.s3.amazonaws.com/data/works/updated_date=2022-07-24/part_000.gz in 1 seconds
Made /data/openalex//works/works_data_45.json
Downloaded https://openalex.s3.amazonaws.com/data/works/updated_date=2022-07-25/part_000.gz in 1 seconds
Made /data/openalex//works/works_data_46.json
Downloaded https://openalex.s3.amazonaws.com/data/works/updated_date=2022-07-26/part_000.gz in 1 seconds
Made /data/openalex//works/works_data_47.json
Downloaded https://openalex.s3.amazonaws.com/data/works/updated_date=2022-07-28/part_000.gz in 1 seconds
Made /data/openalex//works/works_data_48.json
Downloaded https://openalex.s3.amazonaws.com/data/works/updated_date=2022-07-29/part_000.gz in 1 seconds
Made /data/openalex//works/works_data_49.json
Downloaded https://openalex.s3.amazonaws.com/data/works/updated_date=2022-07-29/part_001.gz in 1 seconds
Made /data/openalex//works/works_data_50.json
Downloaded https://openalex.s3.amazonaws.com/data/works/updated_date=2022-07-29/part_002.gz in 1 seconds
Made /data/openalex//works/works_data_51.json
Downloaded https://openalex.s3.amazonaws.com/data/works/updated_date=2022-07-30/part_000.gz in 1 seconds
Made /data/openalex//works/works_data_52.json
Downloaded https://openalex.s3.amazonaws.com/data/works/updated_date=2022-07-30/part_001.gz in 1 seconds
Made /data/openalex//works/works_data_53.json
Downloaded https://openalex.s3.amazonaws.com/data/works/updated_date=2022-07-30/part_002.gz in 1 seconds
Made /data/openalex//works/works_data_54.json
Downloaded https://openalex.s3.amazonaws.com/data/works/updated_date=2022-07-31/part_000.gz in 1 seconds
Made /data/openalex//works/works_data_55.json
Downloaded https://openalex.s3.amazonaws.com/data/works/updated_date=2022-07-31/part_001.gz in 1 seconds
Made /data/openalex//works/works_data_56.json
Downloaded https://openalex.s3.amazonaws.com/data/works/updated_date=2022-07-31/part_002.gz in 1 seconds
Made /data/openalex//works/works_data_57.json
Downloaded https://openalex.s3.amazonaws.com/data/works/updated_date=2022-08-01/part_000.gz in 1 seconds
Made /data/openalex//works/works_data_58.json
Downloaded https://openalex.s3.amazonaws.com/data/works/updated_date=2022-08-01/part_001.gz in 1 seconds
Made /data/openalex//works/works_data_59.json
Downloaded https://openalex.s3.amazonaws.com/data/works/updated_date=2022-08-02/part_000.gz in 0 seconds
Made /data/openalex//works/works_data_60.json
Downloaded https://openalex.s3.amazonaws.com/data/works/updated_date=2022-08-02/part_001.gz in 1 seconds
Made /data/openalex//works/works_data_61.json
Downloaded https://openalex.s3.amazonaws.com/data/works/updated_date=2022-08-02/part_002.gz in 1 seconds
Made /data/openalex//works/works_data_62.json
Downloaded https://openalex.s3.amazonaws.com/data/works/updated_date=2022-08-03/part_000.gz in 1 seconds
Made /data/openalex//works/works_data_63.json
Downloaded https://openalex.s3.amazonaws.com/data/works/updated_date=2022-08-04/part_000.gz in 1 seconds
Made /data/openalex//works/works_data_64.json
Downloaded https://openalex.s3.amazonaws.com/data/works/updated_date=2022-08-04/part_001.gz in 1 seconds
Made /data/openalex//works/works_data_65.json
Downloaded https://openalex.s3.amazonaws.com/data/works/updated_date=2022-08-05/part_000.gz in 1 seconds
Made /data/openalex//works/works_data_66.json
Downloaded https://openalex.s3.amazonaws.com/data/works/updated_date=2022-08-05/part_001.gz in 1 seconds
Made /data/openalex//works/works_data_67.json
Downloaded https://openalex.s3.amazonaws.com/data/works/updated_date=2022-08-05/part_002.gz in 1 seconds
Made /data/openalex//works/works_data_68.json
Downloaded https://openalex.s3.amazonaws.com/data/works/updated_date=2022-08-06/part_000.gz in 1 seconds
Made /data/openalex//works/works_data_69.json
Downloaded https://openalex.s3.amazonaws.com/data/works/updated_date=2022-08-06/part_001.gz in 2 seconds
Made /data/openalex//works/works_data_70.json
Downloaded https://openalex.s3.amazonaws.com/data/works/updated_date=2022-08-07/part_000.gz in 1 seconds
Made /data/openalex//works/works_data_71.json
Downloaded https://openalex.s3.amazonaws.com/data/works/updated_date=2022-08-07/part_001.gz in 1 seconds
Made /data/openalex//works/works_data_72.json
Downloaded https://openalex.s3.amazonaws.com/data/works/updated_date=2022-08-07/part_002.gz in 1 seconds
Made /data/openalex//works/works_data_73.json
Downloaded https://openalex.s3.amazonaws.com/data/works/updated_date=2022-08-08/part_000.gz in 1 seconds
Made /data/openalex//works/works_data_74.json
Downloaded https://openalex.s3.amazonaws.com/data/works/updated_date=2022-08-08/part_001.gz in 0 seconds
Made /data/openalex//works/works_data_75.json
Downloaded https://openalex.s3.amazonaws.com/data/works/updated_date=2022-08-09/part_000.gz in 1 seconds
Made /data/openalex//works/works_data_76.json
Downloaded https://openalex.s3.amazonaws.com/data/works/updated_date=2022-08-10/part_000.gz in 1 seconds
Made /data/openalex//works/works_data_77.json
Downloaded https://openalex.s3.amazonaws.com/data/works/updated_date=2022-08-12/part_000.gz in 1 seconds
Made /data/openalex//works/works_data_78.json
Downloaded https://openalex.s3.amazonaws.com/data/works/updated_date=2022-08-13/part_000.gz in 1 seconds
Made /data/openalex//works/works_data_79.json
Downloaded https://openalex.s3.amazonaws.com/data/works/updated_date=2022-08-14/part_000.gz in 1 seconds
Made /data/openalex//works/works_data_80.json
Downloaded https://openalex.s3.amazonaws.com/data/works/updated_date=2022-08-15/part_000.gz in 1 seconds
Made /data/openalex//works/works_data_81.json
Downloaded https://openalex.s3.amazonaws.com/data/works/updated_date=2022-08-16/part_000.gz in 1 seconds
Made /data/openalex//works/works_data_82.json
Downloaded https://openalex.s3.amazonaws.com/data/works/updated_date=2022-08-17/part_000.gz in 1 seconds
Made /data/openalex//works/works_data_83.json
Downloaded https://openalex.s3.amazonaws.com/data/works/updated_date=2022-08-18/part_000.gz in 1 seconds
Made /data/openalex//works/works_data_84.json
Downloaded https://openalex.s3.amazonaws.com/data/works/updated_date=2022-08-19/part_000.gz in 1 seconds
Made /data/openalex//works/works_data_85.json
Downloaded https://openalex.s3.amazonaws.com/data/works/updated_date=2022-08-20/part_000.gz in 1 seconds
Made /data/openalex//works/works_data_86.json
Downloaded https://openalex.s3.amazonaws.com/data/works/updated_date=2022-08-21/part_000.gz in 1 seconds
Made /data/openalex//works/works_data_87.json
Downloaded https://openalex.s3.amazonaws.com/data/works/updated_date=2022-08-22/part_000.gz in 1 seconds
Made /data/openalex//works/works_data_88.json
Downloaded https://openalex.s3.amazonaws.com/data/works/updated_date=2022-08-23/part_000.gz in 1 seconds
Made /data/openalex//works/works_data_89.json
Downloaded https://openalex.s3.amazonaws.com/data/works/updated_date=2022-08-24/part_000.gz in 1 seconds
Made /data/openalex//works/works_data_90.json
Downloaded https://openalex.s3.amazonaws.com/data/works/updated_date=2022-08-25/part_000.gz in 1 seconds
Made /data/openalex//works/works_data_91.json
Downloaded https://openalex.s3.amazonaws.com/data/works/updated_date=2022-08-26/part_000.gz in 1 seconds
Made /data/openalex//works/works_data_92.json
Downloaded https://openalex.s3.amazonaws.com/data/works/updated_date=2022-08-27/part_000.gz in 0 seconds
Made /data/openalex//works/works_data_93.json
Downloaded https://openalex.s3.amazonaws.com/data/works/updated_date=2022-08-28/part_000.gz in 1 seconds
Made /data/openalex//works/works_data_94.json
Downloaded https://openalex.s3.amazonaws.com/data/works/updated_date=2022-08-29/part_000.gz in 1 seconds
Made /data/openalex//works/works_data_95.json
Downloaded https://openalex.s3.amazonaws.com/data/works/updated_date=2022-08-30/part_000.gz in 1 seconds
Made /data/openalex//works/works_data_96.json
Downloaded https://openalex.s3.amazonaws.com/data/works/updated_date=2022-08-30/part_001.gz in 1 seconds
Made /data/openalex//works/works_data_97.json
Downloaded https://openalex.s3.amazonaws.com/data/works/updated_date=2022-08-31/part_000.gz in 1 seconds
Made /data/openalex//works/works_data_98.json
Downloaded https://openalex.s3.amazonaws.com/data/works/updated_date=2022-08-31/part_001.gz in 1 seconds
Made /data/openalex//works/works_data_99.json
Downloaded https://openalex.s3.amazonaws.com/data/works/updated_date=2022-08-31/part_002.gz in 1 seconds
Made /data/openalex//works/works_data_100.json
Downloaded https://openalex.s3.amazonaws.com/data/works/updated_date=2022-08-31/part_003.gz in 1 seconds
Made /data/openalex//works/works_data_101.json
Downloaded https://openalex.s3.amazonaws.com/data/works/updated_date=2022-08-31/part_004.gz in 1 seconds
Made /data/openalex//works/works_data_102.json
Downloaded https://openalex.s3.amazonaws.com/data/works/updated_date=2022-09-01/part_000.gz in 1 seconds
Made /data/openalex//works/works_data_103.json
Downloaded https://openalex.s3.amazonaws.com/data/works/updated_date=2022-09-01/part_001.gz in 1 seconds
Made /data/openalex//works/works_data_104.json
Downloaded https://openalex.s3.amazonaws.com/data/works/updated_date=2022-09-02/part_000.gz in 1 seconds
Made /data/openalex//works/works_data_105.json
Downloaded https://openalex.s3.amazonaws.com/data/works/updated_date=2022-09-03/part_000.gz in 1 seconds
Made /data/openalex//works/works_data_106.json
Downloaded https://openalex.s3.amazonaws.com/data/works/updated_date=2022-09-04/part_000.gz in 1 seconds
Made /data/openalex//works/works_data_107.json
Downloaded https://openalex.s3.amazonaws.com/data/works/updated_date=2022-09-05/part_000.gz in 1 seconds
Made /data/openalex//works/works_data_108.json
Downloaded https://openalex.s3.amazonaws.com/data/works/updated_date=2022-09-06/part_000.gz in 1 seconds
Made /data/openalex//works/works_data_109.json
Downloaded https://openalex.s3.amazonaws.com/data/works/updated_date=2022-09-07/part_000.gz in 1 seconds
Made /data/openalex//works/works_data_110.json
Downloaded https://openalex.s3.amazonaws.com/data/works/updated_date=2022-09-08/part_000.gz in 1 seconds
Made /data/openalex//works/works_data_111.json
Downloaded https://openalex.s3.amazonaws.com/data/works/updated_date=2022-09-09/part_000.gz in 1 seconds
Made /data/openalex//works/works_data_112.json
Downloaded https://openalex.s3.amazonaws.com/data/works/updated_date=2022-09-10/part_000.gz in 1 seconds
Made /data/openalex//works/works_data_113.json
Downloaded https://openalex.s3.amazonaws.com/data/works/updated_date=2022-09-11/part_000.gz in 1 seconds
Made /data/openalex//works/works_data_114.json
Downloaded https://openalex.s3.amazonaws.com/data/works/updated_date=2022-09-12/part_000.gz in 1 seconds
Made /data/openalex//works/works_data_115.json
Downloaded https://openalex.s3.amazonaws.com/data/works/updated_date=2022-09-13/part_000.gz in 1 seconds
Made /data/openalex//works/works_data_116.json
Downloaded https://openalex.s3.amazonaws.com/data/works/updated_date=2022-09-14/part_000.gz in 1 seconds
Made /data/openalex//works/works_data_117.json
Downloaded https://openalex.s3.amazonaws.com/data/works/updated_date=2022-09-14/part_001.gz in 1 seconds
Made /data/openalex//works/works_data_118.json
Downloaded https://openalex.s3.amazonaws.com/data/works/updated_date=2022-09-14/part_002.gz in 1 seconds
Made /data/openalex//works/works_data_119.json
Downloaded https://openalex.s3.amazonaws.com/data/works/updated_date=2022-09-15/part_000.gz in 1 seconds
Made /data/openalex//works/works_data_120.json
Downloaded https://openalex.s3.amazonaws.com/data/works/updated_date=2022-09-15/part_001.gz in 1 seconds
Made /data/openalex//works/works_data_121.json
Downloaded https://openalex.s3.amazonaws.com/data/works/updated_date=2022-09-15/part_002.gz in 1 seconds
Made /data/openalex//works/works_data_122.json
Downloaded https://openalex.s3.amazonaws.com/data/works/updated_date=2022-09-16/part_000.gz in 1 seconds
Made /data/openalex//works/works_data_123.json
Downloaded https://openalex.s3.amazonaws.com/data/works/updated_date=2022-09-17/part_000.gz in 0 seconds
Made /data/openalex//works/works_data_124.json
Downloaded https://openalex.s3.amazonaws.com/data/works/updated_date=2022-09-17/part_001.gz in 1 seconds
Made /data/openalex//works/works_data_125.json
Downloaded https://openalex.s3.amazonaws.com/data/works/updated_date=2022-09-18/part_000.gz in 1 seconds
Made /data/openalex//works/works_data_126.json
Downloaded https://openalex.s3.amazonaws.com/data/works/updated_date=2022-09-19/part_000.gz in 1 seconds
Made /data/openalex//works/works_data_127.json
Downloaded https://openalex.s3.amazonaws.com/data/works/updated_date=2022-09-20/part_000.gz in 1 seconds
Made /data/openalex//works/works_data_128.json
Downloaded https://openalex.s3.amazonaws.com/data/works/updated_date=2022-09-21/part_000.gz in 1 seconds
Made /data/openalex//works/works_data_129.json
Downloaded https://openalex.s3.amazonaws.com/data/works/updated_date=2022-09-22/part_000.gz in 1 seconds
Made /data/openalex//works/works_data_130.json
Downloaded https://openalex.s3.amazonaws.com/data/works/updated_date=2022-09-23/part_000.gz in 1 seconds
Made /data/openalex//works/works_data_131.json
Downloaded https://openalex.s3.amazonaws.com/data/works/updated_date=2022-09-24/part_000.gz in 1 seconds
Made /data/openalex//works/works_data_132.json
Downloaded https://openalex.s3.amazonaws.com/data/works/updated_date=2022-09-25/part_000.gz in 1 seconds
Made /data/openalex//works/works_data_133.json
Downloaded https://openalex.s3.amazonaws.com/data/works/updated_date=2022-09-25/part_001.gz in 1 seconds
Made /data/openalex//works/works_data_134.json
Downloaded https://openalex.s3.amazonaws.com/data/works/updated_date=2022-09-25/part_002.gz in 1 seconds
Made /data/openalex//works/works_data_135.json
Downloaded https://openalex.s3.amazonaws.com/data/works/updated_date=2022-09-25/part_003.gz in 1 seconds
Made /data/openalex//works/works_data_136.json
Downloaded https://openalex.s3.amazonaws.com/data/works/updated_date=2022-09-25/part_004.gz in 1 seconds
Made /data/openalex//works/works_data_137.json
Downloaded https://openalex.s3.amazonaws.com/data/works/updated_date=2022-09-25/part_005.gz in 0 seconds
Made /data/openalex//works/works_data_138.json
Downloaded https://openalex.s3.amazonaws.com/data/works/updated_date=2022-09-26/part_000.gz in 1 seconds
Made /data/openalex//works/works_data_139.json
Downloaded https://openalex.s3.amazonaws.com/data/works/updated_date=2022-09-26/part_001.gz in 1 seconds
Made /data/openalex//works/works_data_140.json
Downloaded https://openalex.s3.amazonaws.com/data/works/updated_date=2022-09-26/part_002.gz in 1 seconds
Made /data/openalex//works/works_data_141.json
Downloaded https://openalex.s3.amazonaws.com/data/works/updated_date=2022-09-26/part_003.gz in 1 seconds
Made /data/openalex//works/works_data_142.json
Downloaded https://openalex.s3.amazonaws.com/data/works/updated_date=2022-09-26/part_004.gz in 1 seconds
Made /data/openalex//works/works_data_143.json
Downloaded https://openalex.s3.amazonaws.com/data/works/updated_date=2022-09-27/part_000.gz in 1 seconds
Made /data/openalex//works/works_data_144.json
Downloaded https://openalex.s3.amazonaws.com/data/works/updated_date=2022-09-27/part_001.gz in 1 seconds
Made /data/openalex//works/works_data_145.json
Downloaded https://openalex.s3.amazonaws.com/data/works/updated_date=2022-09-27/part_002.gz in 1 seconds
Made /data/openalex//works/works_data_146.json
Downloaded https://openalex.s3.amazonaws.com/data/works/updated_date=2022-09-27/part_003.gz in 1 seconds
Made /data/openalex//works/works_data_147.json
Downloaded https://openalex.s3.amazonaws.com/data/works/updated_date=2022-09-28/part_000.gz in 1 seconds
Made /data/openalex//works/works_data_148.json
Downloaded https://openalex.s3.amazonaws.com/data/works/updated_date=2022-09-28/part_001.gz in 1 seconds
Made /data/openalex//works/works_data_149.json
Downloaded https://openalex.s3.amazonaws.com/data/works/updated_date=2022-09-28/part_002.gz in 1 seconds
Made /data/openalex//works/works_data_150.json
Downloaded https://openalex.s3.amazonaws.com/data/works/updated_date=2022-09-28/part_003.gz in 1 seconds
Made /data/openalex//works/works_data_151.json
Downloaded https://openalex.s3.amazonaws.com/data/works/updated_date=2022-09-28/part_004.gz in 1 seconds
Made /data/openalex//works/works_data_152.json
Downloaded https://openalex.s3.amazonaws.com/data/works/updated_date=2022-09-29/part_000.gz in 1 seconds
Made /data/openalex//works/works_data_153.json
